<?xml version="1.0" encoding="UTF-8"?>
<!-- Generated by org.testng.reporters.JUnitXMLReporter -->
<testsuite ignored="10" hostname="DESKTOP-P1FLGCK" failures="0" tests="2" name="Default test" time="29.692" errors="0" timestamp="2025-06-23T23:07:49 AST">
  <testcase classname="pintrest.testing" name="login" time="9.7"/>
  <testcase classname="pintrest.testing" name="changeLanguage" time="17.681"/>
  <testcase classname="pintrest.testing" name="likePin" time="0.0">
    <ignored/>
  </testcase> <!-- likePin -->
  <testcase classname="pintrest.testing" name="clickSaveButton" time="0.0">
    <ignored/>
  </testcase> <!-- clickSaveButton -->
  <testcase classname="pintrest.testing" name="profileInformation" time="0.0">
    <ignored/>
  </testcase> <!-- profileInformation -->
  <testcase classname="pintrest.testing" name="newBoard" time="0.0">
    <ignored/>
  </testcase> <!-- newBoard -->
  <testcase classname="pintrest.testing" name="clickRandomPinterestElement" time="0.0">
    <ignored/>
  </testcase> <!-- clickRandomPinterestElement -->
  <testcase classname="pintrest.testing" name="signUp" time="0.0">
    <ignored/>
  </testcase> <!-- signUp -->
  <testcase classname="pintrest.testing" name="forgotPassword" time="0.0">
    <ignored/>
  </testcase> <!-- forgotPassword -->
  <testcase classname="pintrest.testing" name="upLoadPin" time="0.0">
    <ignored/>
  </testcase> <!-- upLoadPin -->
  <testcase classname="pintrest.testing" name="verifySearchReturnsRelevantResults" time="0.0">
    <ignored/>
  </testcase> <!-- verifySearchReturnsRelevantResults -->
  <testcase classname="pintrest.testing" name="VisualSearch" time="0.0">
    <ignored/>
  </testcase> <!-- VisualSearch -->
</testsuite> <!-- Default test -->
