<?xml version="1.0" encoding="UTF-8"?>
<testng-results ignored="0" total="2" passed="2" failed="0" skipped="0">
  <reporter-output>
  </reporter-output>
  <suite started-at="2025-06-23T23:07:20 AST" name="Default suite" finished-at="2025-06-23T23:07:49 AST" duration-ms="29692">
    <groups>
    </groups>
    <test started-at="2025-06-23T23:07:20 AST" name="Default test" finished-at="2025-06-23T23:07:49 AST" duration-ms="29692">
      <class name="pintrest.testing">
        <test-method is-config="true" signature="mySetup()[pri:0, instance:pintrest.testing@107ed6fc]" started-at="2025-06-23T23:07:20 AST" name="mySetup" finished-at="2025-06-23T23:07:22 AST" duration-ms="2186" status="PASS">
          <reporter-output>
          </reporter-output>
        </test-method> <!-- mySetup -->
        <test-method signature="login()[pri:1, instance:pintrest.testing@107ed6fc]" started-at="2025-06-23T23:07:22 AST" name="login" finished-at="2025-06-23T23:07:32 AST" duration-ms="9700" status="PASS">
          <reporter-output>
          </reporter-output>
        </test-method> <!-- login -->
        <test-method signature="changeLanguage()[pri:2, instance:pintrest.testing@107ed6fc]" started-at="2025-06-23T23:07:32 AST" name="changeLanguage" finished-at="2025-06-23T23:07:49 AST" duration-ms="17681" status="PASS">
          <reporter-output>
          </reporter-output>
        </test-method> <!-- changeLanguage -->
      </class> <!-- pintrest.testing -->
    </test> <!-- Default test -->
  </suite> <!-- Default suite -->
</testng-results>
